<?xml version="1.0" encoding="UTF-8"?>
<databaseChangeLog
        xmlns="http://www.liquibase.org/xml/ns/dbchangelog"
        xmlns:xsi="http://www.w3.org/2001/XMLSchema-instance"
        xsi:schemaLocation="http://www.liquibase.org/xml/ns/dbchangelog
                      http://www.liquibase.org/xml/ns/dbchangelog/dbchangelog-4.3.xsd">

    <changeSet id="test-1" author="integration-test">
        <comment>Create users table for testing</comment>
        <createTable tableName="users">
            <column name="id" type="BIGINT" autoIncrement="true">
                <constraints primaryKey="true" nullable="false"/>
            </column>
            <column name="username" type="VARCHAR(100)">
                <constraints nullable="false" unique="true"/>
            </column>
            <column name="email" type="VARCHAR(255)">
                <constraints nullable="false"/>
            </column>
            <column name="active" type="BOOLEAN" defaultValueBoolean="true">
                <constraints nullable="false"/>
            </column>
            <column name="created_at" type="TIMESTAMP" defaultValueComputed="CURRENT_TIMESTAMP">
                <constraints nullable="false"/>
            </column>
        </createTable>
        <rollback>
            <dropTable tableName="users"/>
        </rollback>
    </changeSet>

    <changeSet id="test-2" author="integration-test" context="test">
        <comment>Add index on username</comment>
        <createIndex tableName="users" indexName="idx_users_username">
            <column name="username"/>
        </createIndex>
        <rollback>
            <dropIndex tableName="users" indexName="idx_users_username"/>
        </rollback>
    </changeSet>

    <changeSet id="test-3" author="integration-test">
        <comment>Create audit table</comment>
        <createTable tableName="audit_log">
            <column name="id" type="BIGINT" autoIncrement="true">
                <constraints primaryKey="true" nullable="false"/>
            </column>
            <column name="table_name" type="VARCHAR(100)">
                <constraints nullable="false"/>
            </column>
            <column name="operation" type="VARCHAR(50)">
                <constraints nullable="false"/>
            </column>
            <column name="user_id" type="BIGINT"/>
            <column name="timestamp" type="TIMESTAMP" defaultValueComputed="CURRENT_TIMESTAMP">
                <constraints nullable="false"/>
            </column>
        </createTable>
        <rollback>
            <dropTable tableName="audit_log"/>
        </rollback>
    </changeSet>

    <changeSet id="test-4" author="integration-test">
        <comment>Add foreign key constraint</comment>
        <addForeignKeyConstraint
                baseTableName="audit_log"
                baseColumnNames="user_id"
                referencedTableName="users"
                referencedColumnNames="id"
                constraintName="fk_audit_user"/>
        <rollback>
            <dropForeignKeyConstraint baseTableName="audit_log" constraintName="fk_audit_user"/>
        </rollback>
    </changeSet>

</databaseChangeLog>
